{ "timestamp":"2020-10-26T18:43:21Z", "event":"CommitCrime", "CrimeType":"assault", "Faction":"Felicia Winters", "Victim":"Federal Courier", "Bounty":1000 }
{ "timestamp":"2020-10-26T18:43:43Z", "event":"CommitCrime", "CrimeType":"assault", "Faction":"Felicia Winters", "Victim":"Agente federal", "Bounty":1000 }
{ "timestamp":"2020-10-26T18:43:57Z", "event":"CommitCrime", "CrimeType":"murder", "Faction":"Felicia Winters", "Victim":"Agente federal", "Bounty":10000 }
{ "timestamp":"2020-10-26T18:44:49Z", "event":"CommitCrime", "CrimeType":"assault", "Faction":"Felicia Winters", "Victim":"Federal Courier", "Bounty":1000 }
{ "timestamp":"2020-10-26T18:45:11Z", "event":"CommitCrime", "CrimeType":"assault", "Faction":"Felicia Winters", "Victim":"Federal Courier", "Bounty":1000 }
{ "timestamp":"2020-10-26T18:45:17Z", "event":"CommitCrime", "CrimeType":"assault", "Faction":"Felicia Winters", "Victim":"Federal Courier", "Bounty":1000 }
{ "timestamp":"2020-10-26T18:46:30Z", "event":"CommitCrime", "CrimeType":"assault", "Faction":"Felicia Winters", "Victim":"Federal Agent", "Bounty":1000 }
{ "timestamp":"2020-10-26T18:46:51Z", "event":"CommitCrime", "CrimeType":"assault", "Faction":"Felicia Winters", "Victim":"Federal Courier", "Bounty":1000 }
{ "timestamp":"2020-10-26T18:46:59Z", "event":"CommitCrime", "CrimeType":"assault", "Faction":"Felicia Winters", "Victim":"Federal Courier", "Bounty":1000 }
{ "timestamp":"2020-10-26T18:47:13Z", "event":"CommitCrime", "CrimeType":"murder", "Faction":"Felicia Winters", "Victim":"Federal Courier", "Bounty":10000 }
{ "timestamp":"2020-10-26T18:47:16Z", "event":"CommitCrime", "CrimeType":"assault", "Faction":"Felicia Winters", "Victim":"Federal Courier", "Bounty":1000 }
{ "timestamp":"2020-10-26T18:48:06Z", "event":"CommitCrime", "CrimeType":"assault", "Faction":"Felicia Winters", "Victim":"Federal Courier", "Bounty":1000 }
{ "timestamp":"2020-10-26T18:48:40Z", "event":"CommitCrime", "CrimeType":"assault", "Faction":"Felicia Winters", "Victim":"Federal Courier", "Bounty":1000 }
{ "timestamp":"2020-10-26T18:48:42Z", "event":"CommitCrime", "CrimeType":"assault", "Faction":"Felicia Winters", "Victim":"Federal Courier", "Bounty":1000 }
{ "timestamp":"2020-10-26T18:49:11Z", "event":"CommitCrime", "CrimeType":"assault", "Faction":"Felicia Winters", "Victim":"Federal Agent", "Bounty":1000 }
{ "timestamp":"2020-10-26T18:49:53Z", "event":"CommitCrime", "CrimeType":"assault", "Faction":"Felicia Winters", "Victim":"Federal Courier", "Bounty":1000 }
{ "timestamp":"2020-10-26T18:50:44Z", "event":"CommitCrime", "CrimeType":"assault", "Faction":"Felicia Winters", "Victim":"Federal Courier", "Bounty":1000 }
{ "timestamp":"2020-10-26T18:51:53Z", "event":"CommitCrime", "CrimeType":"assault", "Faction":"Felicia Winters", "Victim":"Federal Courier", "Bounty":1000 }
{ "timestamp":"2020-10-26T18:51:59Z", "event":"CommitCrime", "CrimeType":"assault", "Faction":"Felicia Winters", "Victim":"Federal Courier", "Bounty":1000 }
{ "timestamp":"2020-10-26T18:52:02Z", "event":"CommitCrime", "CrimeType":"assault", "Faction":"Felicia Winters", "Victim":"Federal Courier", "Bounty":1000 }
{ "timestamp":"2020-10-26T18:52:15Z", "event":"CommitCrime", "CrimeType":"murder", "Faction":"Felicia Winters", "Victim":"Federal Courier", "Bounty":10000 }
{ "timestamp":"2020-10-26T18:52:46Z", "event":"CommitCrime", "CrimeType":"murder", "Faction":"Felicia Winters", "Victim":"Federal Courier", "Bounty":10000 }
{ "timestamp":"2020-10-26T18:52:59Z", "event":"CommitCrime", "CrimeType":"murder", "Faction":"Felicia Winters", "Victim":"Federal Courier", "Bounty":10000 }
{ "timestamp":"2020-10-26T18:53:01Z", "event":"CommitCrime", "CrimeType":"assault", "Faction":"Felicia Winters", "Victim":"Agente federal", "Bounty":1000 }
{ "timestamp":"2020-10-26T18:53:19Z", "event":"CommitCrime", "CrimeType":"assault", "Faction":"Felicia Winters", "Victim":"Agente federal", "Bounty":1000 }
{ "timestamp":"2020-10-26T18:53:31Z", "event":"CommitCrime", "CrimeType":"assault", "Faction":"Felicia Winters", "Victim":"Agente federal", "Bounty":1000 }
{ "timestamp":"2020-10-26T18:53:43Z", "event":"CommitCrime", "CrimeType":"murder", "Faction":"Felicia Winters", "Victim":"Agente federal", "Bounty":10000 }
{ "timestamp":"2020-10-26T18:54:41Z", "event":"CommitCrime", "CrimeType":"assault", "Faction":"Felicia Winters", "Victim":"Federal Courier", "Bounty":1000 }
{ "timestamp":"2020-10-26T18:55:29Z", "event":"CommitCrime", "CrimeType":"assault", "Faction":"Felicia Winters", "Victim":"Federal Agent", "Bounty":1000 }
{ "timestamp":"2020-10-26T18:55:31Z", "event":"CommitCrime", "CrimeType":"assault", "Faction":"Felicia Winters", "Victim":"Federal Agent", "Bounty":1000 }
{ "timestamp":"2020-10-26T18:56:59Z", "event":"CommitCrime", "CrimeType":"assault", "Faction":"Felicia Winters", "Victim":"Federal Courier", "Bounty":1000 }
{ "timestamp":"2020-10-26T18:57:20Z", "event":"CommitCrime", "CrimeType":"murder", "Faction":"Felicia Winters", "Victim":"Federal Courier", "Bounty":10000 }
{ "timestamp":"2020-10-26T18:57:58Z", "event":"CommitCrime", "CrimeType":"assault", "Faction":"Felicia Winters", "Victim":"Federal Courier", "Bounty":1000 }
{ "timestamp":"2020-10-26T18:58:00Z", "event":"CommitCrime", "CrimeType":"assault", "Faction":"Felicia Winters", "Victim":"Federal Courier", "Bounty":1000 }
{ "timestamp":"2020-10-26T18:58:05Z", "event":"CommitCrime", "CrimeType":"assault", "Faction":"Felicia Winters", "Victim":"Federal Courier", "Bounty":1000 }
{ "timestamp":"2020-10-26T18:58:18Z", "event":"CommitCrime", "CrimeType":"murder", "Faction":"Felicia Winters", "Victim":"Federal Courier", "Bounty":10000 }
{ "timestamp":"2020-10-26T18:58:53Z", "event":"CommitCrime", "CrimeType":"assault", "Faction":"Felicia Winters", "Victim":"Agente federal", "Bounty":1000 }
{ "timestamp":"2020-10-26T18:59:56Z", "event":"CommitCrime", "CrimeType":"assault", "Faction":"Felicia Winters", "Victim":"Federal Courier", "Bounty":1000 }
{ "timestamp":"2020-10-26T18:59:58Z", "event":"CommitCrime", "CrimeType":"assault", "Faction":"Felicia Winters", "Victim":"Federal Courier", "Bounty":1000 }
{ "timestamp":"2020-10-26T19:01:10Z", "event":"CommitCrime", "CrimeType":"assault", "Faction":"Felicia Winters", "Victim":"Federal Agent", "Bounty":1000 }
{ "timestamp":"2020-10-26T19:02:31Z", "event":"CommitCrime", "CrimeType":"assault", "Faction":"Felicia Winters", "Victim":"Federal Agent", "Bounty":1000 }
{ "timestamp":"2020-10-26T19:02:55Z", "event":"CommitCrime", "CrimeType":"assault", "Faction":"Felicia Winters", "Victim":"Federal Courier", "Bounty":1000 }
{ "timestamp":"2020-10-26T19:03:03Z", "event":"CommitCrime", "CrimeType":"assault", "Faction":"Felicia Winters", "Victim":"Federal Courier", "Bounty":1000 }
{ "timestamp":"2020-10-26T19:03:18Z", "event":"CommitCrime", "CrimeType":"assault", "Faction":"Felicia Winters", "Victim":"Federal Courier", "Bounty":1000 }
{ "timestamp":"2020-10-26T19:03:23Z", "event":"CommitCrime", "CrimeType":"assault", "Faction":"Felicia Winters", "Victim":"Federal Courier", "Bounty":1000 }
{ "timestamp":"2020-10-26T19:05:46Z", "event":"CommitCrime", "CrimeType":"assault", "Faction":"Felicia Winters", "Victim":"Federal Agent", "Bounty":1000 }
{ "timestamp":"2020-10-26T19:06:06Z", "event":"CommitCrime", "CrimeType":"assault", "Faction":"Felicia Winters", "Victim":"Federal Agent", "Bounty":1000 }
{ "timestamp":"2020-10-26T19:06:35Z", "event":"CommitCrime", "CrimeType":"assault", "Faction":"Felicia Winters", "Victim":"Federal Courier", "Bounty":1000 }
{ "timestamp":"2020-10-26T20:09:25Z", "event":"CommitCrime", "CrimeType":"assault", "Faction":"Felicia Winters", "Victim":"Federal Courier", "Bounty":1000 }
{ "timestamp":"2020-10-26T20:09:34Z", "event":"CommitCrime", "CrimeType":"assault", "Faction":"Felicia Winters", "Victim":"Federal Courier", "Bounty":1000 }
{ "timestamp":"2020-10-26T20:09:41Z", "event":"CommitCrime", "CrimeType":"murder", "Faction":"Felicia Winters", "Victim":"Federal Courier", "Bounty":10000 }
{ "timestamp":"2020-10-26T20:09:46Z", "event":"CommitCrime", "CrimeType":"assault", "Faction":"Felicia Winters", "Victim":"Federal Courier", "Bounty":1000 }
{ "timestamp":"2020-10-26T20:10:09Z", "event":"CommitCrime", "CrimeType":"murder", "Faction":"Felicia Winters", "Victim":"Federal Courier", "Bounty":10000 }
{ "timestamp":"2020-10-26T20:10:13Z", "event":"CommitCrime", "CrimeType":"assault", "Faction":"Felicia Winters", "Victim":"Mensajero federal", "Bounty":1000 }
{ "timestamp":"2020-10-26T20:10:36Z", "event":"CommitCrime", "CrimeType":"assault", "Faction":"Felicia Winters", "Victim":"Mensajero federal", "Bounty":1000 }
{ "timestamp":"2020-10-26T20:10:53Z", "event":"CommitCrime", "CrimeType":"murder", "Faction":"Felicia Winters", "Victim":"Mensajero federal", "Bounty":10000 }
{ "timestamp":"2020-10-26T20:10:53Z", "event":"CommitCrime", "CrimeType":"assault", "Faction":"Felicia Winters", "Victim":"Mensajero federal", "Bounty":1000 }
{ "timestamp":"2020-10-26T20:11:49Z", "event":"CommitCrime", "CrimeType":"assault", "Faction":"Felicia Winters", "Victim":"Federal Courier", "Bounty":1000 }
{ "timestamp":"2020-10-26T20:11:52Z", "event":"CommitCrime", "CrimeType":"assault", "Faction":"Felicia Winters", "Victim":"Federal Courier", "Bounty":1000 }
{ "timestamp":"2020-10-26T20:12:08Z", "event":"CommitCrime", "CrimeType":"assault", "Faction":"Felicia Winters", "Victim":"Federal Courier", "Bounty":1000 }
{ "timestamp":"2020-10-26T20:12:30Z", "event":"CommitCrime", "CrimeType":"assault", "Faction":"Felicia Winters", "Victim":"Federal Agent", "Bounty":1000 }
{ "timestamp":"2020-10-26T20:12:53Z", "event":"CommitCrime", "CrimeType":"assault", "Faction":"Felicia Winters", "Victim":"Federal Agent", "Bounty":1000 }
{ "timestamp":"2020-10-26T20:13:19Z", "event":"CommitCrime", "CrimeType":"assault", "Faction":"Felicia Winters", "Victim":"Federal Agent", "Bounty":1000 }
{ "timestamp":"2020-10-26T20:13:27Z", "event":"CommitCrime", "CrimeType":"assault", "Faction":"Felicia Winters", "Victim":"Federal Agent", "Bounty":1000 }
{ "timestamp":"2020-10-26T20:15:27Z", "event":"CommitCrime", "CrimeType":"assault", "Faction":"Felicia Winters", "Victim":"Federal Courier", "Bounty":1000 }
{ "timestamp":"2020-10-26T20:15:36Z", "event":"CommitCrime", "CrimeType":"assault", "Faction":"Felicia Winters", "Victim":"Federal Courier", "Bounty":1000 }
{ "timestamp":"2020-10-26T20:15:56Z", "event":"CommitCrime", "CrimeType":"murder", "Faction":"Felicia Winters", "Victim":"Federal Courier", "Bounty":10000 }
{ "timestamp":"2020-10-26T20:16:09Z", "event":"CommitCrime", "CrimeType":"assault", "Faction":"Felicia Winters", "Victim":"Federal Courier", "Bounty":1000 }
{ "timestamp":"2020-10-26T20:17:00Z", "event":"CommitCrime", "CrimeType":"assault", "Faction":"Felicia Winters", "Victim":"Federal Courier", "Bounty":1000 }
{ "timestamp":"2020-10-26T20:17:03Z", "event":"CommitCrime", "CrimeType":"assault", "Faction":"Felicia Winters", "Victim":"Federal Courier", "Bounty":1000 }
{ "timestamp":"2020-10-26T20:17:07Z", "event":"CommitCrime", "CrimeType":"assault", "Faction":"Felicia Winters", "Victim":"Federal Courier", "Bounty":1000 }
{ "timestamp":"2020-10-26T20:17:55Z", "event":"CommitCrime", "CrimeType":"murder", "Faction":"Felicia Winters", "Victim":"Federal Courier", "Bounty":10000 }
{ "timestamp":"2020-10-26T20:18:01Z", "event":"CommitCrime", "CrimeType":"assault", "Faction":"Felicia Winters", "Victim":"Federal Courier", "Bounty":1000 }
{ "timestamp":"2020-10-26T20:18:07Z", "event":"CommitCrime", "CrimeType":"assault", "Faction":"Felicia Winters", "Victim":"Federal Courier", "Bounty":1000 }
{ "timestamp":"2020-10-26T20:18:16Z", "event":"CommitCrime", "CrimeType":"assault", "Faction":"Felicia Winters", "Victim":"Federal Courier", "Bounty":1000 }
{ "timestamp":"2020-10-26T20:18:27Z", "event":"CommitCrime", "CrimeType":"murder", "Faction":"Felicia Winters", "Victim":"Federal Courier", "Bounty":10000 }
{ "timestamp":"2020-10-26T20:19:53Z", "event":"CommitCrime", "CrimeType":"assault", "Faction":"Felicia Winters", "Victim":"Federal Agent", "Bounty":1000 }
{ "timestamp":"2020-10-26T20:20:05Z", "event":"CommitCrime", "CrimeType":"murder", "Faction":"Felicia Winters", "Victim":"Federal Agent", "Bounty":10000 }
{ "timestamp":"2020-10-26T20:20:33Z", "event":"CommitCrime", "CrimeType":"assault", "Faction":"Felicia Winters", "Victim":"Mensajero federal", "Bounty":1000 }
{ "timestamp":"2020-10-26T20:21:31Z", "event":"CommitCrime", "CrimeType":"assault", "Faction":"Felicia Winters", "Victim":"Federal Agent", "Bounty":1000 }
{ "timestamp":"2020-10-26T20:22:02Z", "event":"CommitCrime", "CrimeType":"assault", "Faction":"Felicia Winters", "Victim":"Federal Agent", "Bounty":1000 }
{ "timestamp":"2020-10-26T20:22:04Z", "event":"CommitCrime", "CrimeType":"assault", "Faction":"Felicia Winters", "Victim":"Federal Agent", "Bounty":1000 }
{ "timestamp":"2020-10-26T20:22:29Z", "event":"CommitCrime", "CrimeType":"murder", "Faction":"Felicia Winters", "Victim":"Federal Agent", "Bounty":10000 }
{ "timestamp":"2020-10-26T20:22:37Z", "event":"CommitCrime", "CrimeType":"assault", "Faction":"Felicia Winters", "Victim":"Federal Agent", "Bounty":1000 }
{ "timestamp":"2020-10-26T20:25:01Z", "event":"CommitCrime", "CrimeType":"assault", "Faction":"Felicia Winters", "Victim":"Federal Courier", "Bounty":1000 }
{ "timestamp":"2020-10-26T20:25:28Z", "event":"CommitCrime", "CrimeType":"assault", "Faction":"Felicia Winters", "Victim":"Federal Courier", "Bounty":1000 }
{ "timestamp":"2020-10-26T20:25:31Z", "event":"CommitCrime", "CrimeType":"assault", "Faction":"Felicia Winters", "Victim":"Federal Courier", "Bounty":1000 }
{ "timestamp":"2020-10-26T20:26:26Z", "event":"CommitCrime", "CrimeType":"assault", "Faction":"Felicia Winters", "Victim":"Federal Courier", "Bounty":1000 }
{ "timestamp":"2020-10-26T20:26:31Z", "event":"CommitCrime", "CrimeType":"assault", "Faction":"Felicia Winters", "Victim":"Federal Courier", "Bounty":1000 }
{ "timestamp":"2020-10-26T20:27:13Z", "event":"CommitCrime", "CrimeType":"assault", "Faction":"Felicia Winters", "Victim":"Federal Courier", "Bounty":1000 }
{ "timestamp":"2020-10-26T20:27:17Z", "event":"CommitCrime", "CrimeType":"assault", "Faction":"Felicia Winters", "Victim":"Federal Courier", "Bounty":1000 }
{ "timestamp":"2020-10-26T20:29:48Z", "event":"CommitCrime", "CrimeType":"assault", "Faction":"Felicia Winters", "Victim":"Federal Courier", "Bounty":1000 }
{ "timestamp":"2020-10-26T20:29:51Z", "event":"CommitCrime", "CrimeType":"assault", "Faction":"Felicia Winters", "Victim":"Federal Courier", "Bounty":1000 }
{ "timestamp":"2020-10-26T20:30:17Z", "event":"CommitCrime", "CrimeType":"assault", "Faction":"Felicia Winters", "Victim":"Federal Agent", "Bounty":1000 }
{ "timestamp":"2020-10-26T20:31:15Z", "event":"CommitCrime", "CrimeType":"assault", "Faction":"Felicia Winters", "Victim":"Federal Courier", "Bounty":1000 }
{ "timestamp":"2020-10-26T20:31:46Z", "event":"CommitCrime", "CrimeType":"murder", "Faction":"Felicia Winters", "Victim":"Federal Courier", "Bounty":10000 }
{ "timestamp":"2020-10-26T20:32:06Z", "event":"CommitCrime", "CrimeType":"assault", "Faction":"Felicia Winters", "Victim":"Federal Courier", "Bounty":1000 }
{ "timestamp":"2020-10-26T20:32:09Z", "event":"CommitCrime", "CrimeType":"assault", "Faction":"Felicia Winters", "Victim":"Federal Courier", "Bounty":1000 }
{ "timestamp":"2020-10-26T20:32:17Z", "event":"CommitCrime", "CrimeType":"assault", "Faction":"Felicia Winters", "Victim":"Federal Courier", "Bounty":1000 }
{ "timestamp":"2020-10-26T20:32:29Z", "event":"CommitCrime", "CrimeType":"assault", "Faction":"Felicia Winters", "Victim":"Federal Courier", "Bounty":1000 }
{ "timestamp":"2020-10-26T20:33:48Z", "event":"CommitCrime", "CrimeType":"assault", "Faction":"Felicia Winters", "Victim":"Federal Courier", "Bounty":1000 }
{ "timestamp":"2020-10-26T20:34:09Z", "event":"CommitCrime", "CrimeType":"assault", "Faction":"Felicia Winters", "Victim":"Federal Courier", "Bounty":1000 }
{ "timestamp":"2020-10-26T20:34:15Z", "event":"CommitCrime", "CrimeType":"assault", "Faction":"Felicia Winters", "Victim":"Federal Courier", "Bounty":1000 }
{ "timestamp":"2020-10-26T20:34:33Z", "event":"CommitCrime", "CrimeType":"murder", "Faction":"Felicia Winters", "Victim":"Federal Courier", "Bounty":10000 }
{ "timestamp":"2020-10-26T20:34:36Z", "event":"CommitCrime", "CrimeType":"assault", "Faction":"Felicia Winters", "Victim":"Federal Courier", "Bounty":1000 }
{ "timestamp":"2020-10-26T20:35:42Z", "event":"CommitCrime", "CrimeType":"assault", "Faction":"Felicia Winters", "Victim":"Federal Courier", "Bounty":1000 }
{ "timestamp":"2020-10-26T20:35:50Z", "event":"CommitCrime", "CrimeType":"assault", "Faction":"Felicia Winters", "Victim":"Federal Courier", "Bounty":1000 }
{ "timestamp":"2020-10-26T20:35:53Z", "event":"CommitCrime", "CrimeType":"assault", "Faction":"Felicia Winters", "Victim":"Federal Courier", "Bounty":1000 }
{ "timestamp":"2020-10-26T20:37:31Z", "event":"CommitCrime", "CrimeType":"assault", "Faction":"Felicia Winters", "Victim":"Federal Courier", "Bounty":1000 }
{ "timestamp":"2020-10-26T20:37:34Z", "event":"CommitCrime", "CrimeType":"assault", "Faction":"Felicia Winters", "Victim":"Federal Courier", "Bounty":1000 }
{ "timestamp":"2020-10-26T20:37:37Z", "event":"CommitCrime", "CrimeType":"assault", "Faction":"Felicia Winters", "Victim":"Federal Courier", "Bounty":1000 }
{ "timestamp":"2020-10-26T20:37:55Z", "event":"CommitCrime", "CrimeType":"murder", "Faction":"Felicia Winters", "Victim":"Federal Courier", "Bounty":10000 }
{ "timestamp":"2020-10-26T20:38:29Z", "event":"CommitCrime", "CrimeType":"assault", "Faction":"Felicia Winters", "Victim":"Agente federal", "Bounty":1000 }
{ "timestamp":"2020-10-26T20:38:42Z", "event":"CommitCrime", "CrimeType":"assault", "Faction":"Felicia Winters", "Victim":"Federal Courier", "Bounty":1000 }
{ "timestamp":"2020-10-26T20:39:58Z", "event":"CommitCrime", "CrimeType":"assault", "Faction":"Felicia Winters", "Victim":"Federal Courier", "Bounty":1000 }
{ "timestamp":"2020-10-26T20:40:12Z", "event":"CommitCrime", "CrimeType":"assault", "Faction":"Felicia Winters", "Victim":"Agente federal", "Bounty":1000 }
{ "timestamp":"2020-10-26T20:40:21Z", "event":"CommitCrime", "CrimeType":"assault", "Faction":"Felicia Winters", "Victim":"Agente federal", "Bounty":1000 }
